<?xml version="1.0" encoding="UTF-8"?>
<!-- Generated by org.testng.reporters.JUnitXMLReporter -->
<testsuite hostname="LAPTOP-6BKOM4AP" failures="0" tests="1" name="Test" time="7.246" errors="0" timestamp="3 Jun 2022 17:12:16 GMT">
  <testcase classname="first.Selenium" name="@AfterClass afterAll" time="0.0">
    <failure type="java.lang.Error" message="Unresolved compilation problem: 
	driver cannot be resolved
">
      <![CDATA[java.lang.Error: Unresolved compilation problem: 
	driver cannot be resolved

	at first.Selenium.afterAll(Selenium.java:18)
... Removed 24 stack frames]]>
    </failure>
  </testcase> <!-- @AfterClass afterAll -->
  <testcase classname="first.Selenium" name="test" time="7.162"/>
</testsuite> <!-- Test -->
