<?xml version="1.0" encoding="UTF-8"?>
<testng-results total="1" passed="1" failed="0" skipped="0">
  <reporter-output>
  </reporter-output>
  <suite started-at="2022-06-05T20:50:23Z" name="Default suite" finished-at="2022-06-05T20:50:46Z" duration-ms="22660">
    <groups>
    </groups>
    <test started-at="2022-06-05T20:50:23Z" name="Default test" finished-at="2022-06-05T20:50:46Z" duration-ms="22660">
      <class name="Second.SeleniumTestNG">
        <test-method is-config="true" signature="beforeAll()[pri:0, instance:Second.SeleniumTestNG@16aa8654]" started-at="2022-06-05T16:50:23Z" name="beforeAll" finished-at="2022-06-05T16:50:25Z" duration-ms="1552" status="PASS">
          <reporter-output>
          </reporter-output>
        </test-method> <!-- beforeAll -->
        <test-method signature="MainTest()[pri:0, instance:Second.SeleniumTestNG@16aa8654]" started-at="2022-06-05T16:50:25Z" name="MainTest" finished-at="2022-06-05T16:50:46Z" duration-ms="21091" status="PASS">
          <reporter-output>
          </reporter-output>
        </test-method> <!-- MainTest -->
        <test-method is-config="true" signature="afterAll()[pri:0, instance:Second.SeleniumTestNG@16aa8654]" started-at="2022-06-05T16:50:46Z" name="afterAll" finished-at="2022-06-05T16:50:46Z" duration-ms="0" status="PASS">
          <reporter-output>
          </reporter-output>
        </test-method> <!-- afterAll -->
      </class> <!-- Second.SeleniumTestNG -->
    </test> <!-- Default test -->
  </suite> <!-- Default suite -->
</testng-results>
