<?xml version="1.0" encoding="UTF-8"?>
<testng-results total="3" passed="3" failed="0" skipped="0">
  <reporter-output>
  </reporter-output>
  <suite started-at="2022-06-05T00:20:20Z" name="Default suite" finished-at="2022-06-05T00:20:37Z" duration-ms="16674">
    <groups>
    </groups>
    <test started-at="2022-06-05T00:20:20Z" name="Default test" finished-at="2022-06-05T00:20:37Z" duration-ms="16674">
      <class name="first.Selenium">
        <test-method is-config="true" signature="beforeAll()[pri:0, instance:first.Selenium@6d7fc27]" started-at="2022-06-04T20:20:20Z" name="beforeAll" finished-at="2022-06-04T20:20:22Z" duration-ms="1683" status="PASS">
          <reporter-output>
          </reporter-output>
        </test-method> <!-- beforeAll -->
        <test-method signature="test()[pri:0, instance:first.Selenium@6d7fc27]" started-at="2022-06-04T20:20:22Z" name="test" finished-at="2022-06-04T20:20:28Z" duration-ms="5784" status="PASS">
          <reporter-output>
          </reporter-output>
        </test-method> <!-- test -->
        <test-method signature="test2()[pri:0, instance:first.Selenium@6d7fc27]" started-at="2022-06-04T20:20:28Z" name="test2" finished-at="2022-06-04T20:20:36Z" duration-ms="8323" status="PASS">
          <reporter-output>
          </reporter-output>
        </test-method> <!-- test2 -->
        <test-method signature="test4()[pri:0, instance:first.Selenium@6d7fc27]" started-at="2022-06-04T20:20:36Z" name="test4" finished-at="2022-06-04T20:20:36Z" duration-ms="2" status="PASS">
          <reporter-output>
          </reporter-output>
        </test-method> <!-- test4 -->
        <test-method is-config="true" signature="afterAll()[pri:0, instance:first.Selenium@6d7fc27]" started-at="2022-06-04T20:20:36Z" name="afterAll" finished-at="2022-06-04T20:20:37Z" duration-ms="861" status="PASS">
          <reporter-output>
          </reporter-output>
        </test-method> <!-- afterAll -->
      </class> <!-- first.Selenium -->
    </test> <!-- Default test -->
  </suite> <!-- Default suite -->
</testng-results>
